temp_hn/android/app/build/intermediates/manifest_merge_blame_file/debug/manifest-merger-blame-debug-report.txt
1<?xml version="1.0" encoding="utf-8"?>
2<manifest xmlns:android="http://schemas.android.com/apk/res/android"
3    package="com.temp_hn"
4    android:versionCode="1"
5    android:versionName="1.0" >
6
7    <uses-sdk
8        android:minSdkVersion="23"
9        android:targetSdkVersion="31" />
10
11    <uses-permission android:name="android.permission.SYSTEM_ALERT_WINDOW" />
11-->src/debug/AndroidManifest.xml:5:5-77
11-->src/debug/AndroidManifest.xml:5:22-75
12    <uses-permission android:name="android.permission.INTERNET" />
12-->src/main/AndroidManifest.xml:4:5-67
12-->src/main/AndroidManifest.xml:4:22-64
13    <uses-permission android:name="android.permission.CAMERA" />
13-->src/main/AndroidManifest.xml:6:5-65
13-->src/main/AndroidManifest.xml:6:22-62
14    <!--
15 Limits app visibility in the Google Play Store to ARCore supported devices
16     (https://developers.google.com/ar/devices).
17    -->
18    <uses-feature android:name="android.hardware.camera.ar" />
18-->src/main/AndroidManifest.xml:9:5-63
18-->src/main/AndroidManifest.xml:9:19-60
19
20    <uses-permission android:name="android.permission.ACCESS_WIFI_STATE" /> <!-- For remote config -->
20-->[com.facebook.flipper:flipper:0.125.0] AndroidManifest.xml:16:5-76
20-->[com.facebook.flipper:flipper:0.125.0] AndroidManifest.xml:16:22-73
21    <uses-permission android:name="android.permission.ACCESS_NETWORK_STATE" />
21-->[com.google.mlkit:object-detection:17.0.0] AndroidManifest.xml:7:5-79
21-->[com.google.mlkit:object-detection:17.0.0] AndroidManifest.xml:7:22-76
22
23    <queries>
23-->[com.google.ar:core:1.32.0] AndroidManifest.xml:29:5-31:15
24        <package android:name="com.google.ar.core" />
24-->[com.google.ar:core:1.32.0] AndroidManifest.xml:30:9-54
24-->[com.google.ar:core:1.32.0] AndroidManifest.xml:30:18-51
25    </queries>
26
27    <application
27-->src/main/AndroidManifest.xml:10:5-37:19
28        android:name="com.hellonature.MainApplication"
28-->src/main/AndroidManifest.xml:11:7-38
29        android:allowBackup="false"
29-->src/main/AndroidManifest.xml:15:7-34
30        android:appComponentFactory="androidx.core.app.CoreComponentFactory"
30-->[androidx.core:core:1.7.0] AndroidManifest.xml:24:18-86
31        android:debuggable="true"
32        android:extractNativeLibs="false"
33        android:icon="@mipmap/ic_launcher"
33-->src/main/AndroidManifest.xml:13:7-41
34        android:label="@string/app_name"
34-->src/main/AndroidManifest.xml:12:7-39
35        android:roundIcon="@mipmap/ic_launcher_round"
35-->src/main/AndroidManifest.xml:14:7-52
36        android:theme="@style/AppTheme"
36-->src/main/AndroidManifest.xml:16:7-38
37        android:usesCleartextTraffic="true" >
37-->src/debug/AndroidManifest.xml:8:9-44
38        <activity
38-->src/debug/AndroidManifest.xml:11:9-111
39            android:name="com.facebook.react.devsupport.DevSettingsActivity"
39-->src/debug/AndroidManifest.xml:11:19-83
40            android:exported="false" />
40-->src/debug/AndroidManifest.xml:11:84-108
41        <activity
41-->src/main/AndroidManifest.xml:17:7-28:18
42            android:name="com.hellonature.MainActivity"
42-->src/main/AndroidManifest.xml:18:9-37
43            android:configChanges="keyboard|keyboardHidden|orientation|screenLayout|screenSize|smallestScreenSize|uiMode"
43-->src/main/AndroidManifest.xml:20:9-118
44            android:exported="true"
44-->src/main/AndroidManifest.xml:23:9-32
45            android:label="@string/app_name"
45-->src/main/AndroidManifest.xml:19:9-41
46            android:launchMode="singleTask"
46-->src/main/AndroidManifest.xml:21:9-40
47            android:windowSoftInputMode="adjustResize" >
47-->src/main/AndroidManifest.xml:22:9-51
48            <intent-filter>
48-->src/main/AndroidManifest.xml:24:9-27:25
49                <action android:name="android.intent.action.MAIN" />
49-->src/main/AndroidManifest.xml:25:13-65
49-->src/main/AndroidManifest.xml:25:21-62
50
51                <category android:name="android.intent.category.LAUNCHER" />
51-->src/main/AndroidManifest.xml:26:13-73
51-->src/main/AndroidManifest.xml:26:23-70
52            </intent-filter>
53        </activity>
54        <activity android:name="com.hellonature.HelloArActivity" />
54-->src/main/AndroidManifest.xml:29:9-31:21
54-->src/main/AndroidManifest.xml:30:13-44
55        <activity android:name="com.hellonature.google.ar.core.examples.java.ml.MainMLActivity" /> <!-- Indicates whether "Google Play Services for AR" (ARCore) is "required" or "optional". -->
55-->src/main/AndroidManifest.xml:32:9-34:25
55-->src/main/AndroidManifest.xml:33:13-75
56        <meta-data
56-->src/main/AndroidManifest.xml:36:9-81
57            android:name="com.google.ar.core"
57-->src/main/AndroidManifest.xml:36:20-53
58            android:value="required" />
58-->src/main/AndroidManifest.xml:36:54-78
59
60        <service
60-->[com.google.mlkit:object-detection:17.0.0] AndroidManifest.xml:11:9-17:19
61            android:name="com.google.mlkit.common.internal.MlKitComponentDiscoveryService"
61-->[com.google.mlkit:object-detection:17.0.0] AndroidManifest.xml:12:13-91
62            android:directBootAware="true"
62-->[com.google.mlkit:common:18.0.0] AndroidManifest.xml:17:13-43
63            android:exported="false" >
63-->[com.google.mlkit:object-detection:17.0.0] AndroidManifest.xml:13:13-37
64            <meta-data
64-->[com.google.mlkit:object-detection:17.0.0] AndroidManifest.xml:14:13-16:85
65                android:name="com.google.firebase.components:com.google.mlkit.vision.objects.defaults.internal.DefaultObjectsRegistrar"
65-->[com.google.mlkit:object-detection:17.0.0] AndroidManifest.xml:15:17-136
66                android:value="com.google.firebase.components.ComponentRegistrar" />
66-->[com.google.mlkit:object-detection:17.0.0] AndroidManifest.xml:16:17-82
67            <meta-data
67-->[com.google.mlkit:object-detection-custom:16.3.1] AndroidManifest.xml:11:13-13:85
68                android:name="com.google.firebase.components:com.google.mlkit.vision.objects.custom.internal.CustomObjectsRegistrar"
68-->[com.google.mlkit:object-detection-custom:16.3.1] AndroidManifest.xml:12:17-133
69                android:value="com.google.firebase.components.ComponentRegistrar" />
69-->[com.google.mlkit:object-detection-custom:16.3.1] AndroidManifest.xml:13:17-82
70            <meta-data
70-->[com.google.mlkit:vision-internal-vkp:18.2.2] AndroidManifest.xml:14:13-16:85
71                android:name="com.google.firebase.components:com.google.mlkit.vision.vkp.VkpRegistrar"
71-->[com.google.mlkit:vision-internal-vkp:18.2.2] AndroidManifest.xml:15:17-103
72                android:value="com.google.firebase.components.ComponentRegistrar" />
72-->[com.google.mlkit:vision-internal-vkp:18.2.2] AndroidManifest.xml:16:17-82
73            <meta-data
73-->[com.google.mlkit:vision-common:17.0.0] AndroidManifest.xml:12:13-14:85
74                android:name="com.google.firebase.components:com.google.mlkit.vision.common.internal.VisionCommonRegistrar"
74-->[com.google.mlkit:vision-common:17.0.0] AndroidManifest.xml:13:17-124
75                android:value="com.google.firebase.components.ComponentRegistrar" />
75-->[com.google.mlkit:vision-common:17.0.0] AndroidManifest.xml:14:17-82
76            <meta-data
76-->[com.google.mlkit:common:18.0.0] AndroidManifest.xml:20:13-22:85
77                android:name="com.google.firebase.components:com.google.mlkit.common.internal.CommonComponentRegistrar"
77-->[com.google.mlkit:common:18.0.0] AndroidManifest.xml:21:17-120
78                android:value="com.google.firebase.components.ComponentRegistrar" />
78-->[com.google.mlkit:common:18.0.0] AndroidManifest.xml:22:17-82
79        </service>
80
81        <provider
81-->[:react-native-image-picker] AndroidManifest.xml:10:9-18:20
82            android:name="com.imagepicker.ImagePickerProvider"
82-->[:react-native-image-picker] AndroidManifest.xml:11:13-63
83            android:authorities="com.temp_hn.imagepickerprovider"
83-->[:react-native-image-picker] AndroidManifest.xml:12:13-71
84            android:exported="false"
84-->[:react-native-image-picker] AndroidManifest.xml:13:13-37
85            android:grantUriPermissions="true" >
85-->[:react-native-image-picker] AndroidManifest.xml:14:13-47
86            <meta-data
86-->[:react-native-image-picker] AndroidManifest.xml:15:13-17:70
87                android:name="android.support.FILE_PROVIDER_PATHS"
87-->[:react-native-image-picker] AndroidManifest.xml:16:17-67
88                android:resource="@xml/imagepicker_provider_paths" />
88-->[:react-native-image-picker] AndroidManifest.xml:17:17-67
89        </provider> <!-- The minimal version code of ARCore APK required for an app using this SDK. -->
90        <meta-data
90-->[com.google.ar:core:1.32.0] AndroidManifest.xml:36:9-38:41
91            android:name="com.google.ar.core.min_apk_version"
91-->[com.google.ar:core:1.32.0] AndroidManifest.xml:37:13-62
92            android:value="221020000" /> <!-- This activity is critical for installing ARCore when it is not already present. -->
92-->[com.google.ar:core:1.32.0] AndroidManifest.xml:38:13-38
93        <activity
93-->[com.google.ar:core:1.32.0] AndroidManifest.xml:40:9-46:80
94            android:name="com.google.ar.core.InstallActivity"
94-->[com.google.ar:core:1.32.0] AndroidManifest.xml:41:13-62
95            android:configChanges="keyboardHidden|orientation|screenSize"
95-->[com.google.ar:core:1.32.0] AndroidManifest.xml:42:13-74
96            android:excludeFromRecents="true"
96-->[com.google.ar:core:1.32.0] AndroidManifest.xml:43:13-46
97            android:exported="false"
97-->[com.google.ar:core:1.32.0] AndroidManifest.xml:44:13-37
98            android:launchMode="singleTop"
98-->[com.google.ar:core:1.32.0] AndroidManifest.xml:45:13-43
99            android:theme="@android:style/Theme.Material.Light.Dialog.Alert" />
99-->[com.google.ar:core:1.32.0] AndroidManifest.xml:46:13-77
100
101        <provider
101-->[com.google.mlkit:common:18.0.0] AndroidManifest.xml:9:9-13:38
102            android:name="com.google.mlkit.common.internal.MlKitInitProvider"
102-->[com.google.mlkit:common:18.0.0] AndroidManifest.xml:10:13-78
103            android:authorities="com.temp_hn.mlkitinitprovider"
103-->[com.google.mlkit:common:18.0.0] AndroidManifest.xml:11:13-69
104            android:exported="false"
104-->[com.google.mlkit:common:18.0.0] AndroidManifest.xml:12:13-37
105            android:initOrder="99" />
105-->[com.google.mlkit:common:18.0.0] AndroidManifest.xml:13:13-35
106
107        <activity
107-->[com.google.android.gms:play-services-base:18.0.1] AndroidManifest.xml:20:9-22:45
108            android:name="com.google.android.gms.common.api.GoogleApiActivity"
108-->[com.google.android.gms:play-services-base:18.0.1] AndroidManifest.xml:20:19-85
109            android:exported="false"
109-->[com.google.android.gms:play-services-base:18.0.1] AndroidManifest.xml:22:19-43
110            android:theme="@android:style/Theme.Translucent.NoTitleBar" />
110-->[com.google.android.gms:play-services-base:18.0.1] AndroidManifest.xml:21:19-78
111
112        <meta-data
112-->[com.google.android.gms:play-services-basement:18.0.0] AndroidManifest.xml:21:9-23:69
113            android:name="com.google.android.gms.version"
113-->[com.google.android.gms:play-services-basement:18.0.0] AndroidManifest.xml:22:13-58
114            android:value="@integer/google_play_services_version" />
114-->[com.google.android.gms:play-services-basement:18.0.0] AndroidManifest.xml:23:13-66
115
116        <provider
116-->[androidx.emoji2:emoji2:1.0.0] AndroidManifest.xml:26:9-34:20
117            android:name="androidx.startup.InitializationProvider"
117-->[androidx.emoji2:emoji2:1.0.0] AndroidManifest.xml:27:13-67
118            android:authorities="com.temp_hn.androidx-startup"
118-->[androidx.emoji2:emoji2:1.0.0] AndroidManifest.xml:28:13-68
119            android:exported="false" >
119-->[androidx.emoji2:emoji2:1.0.0] AndroidManifest.xml:29:13-37
120            <meta-data
120-->[androidx.emoji2:emoji2:1.0.0] AndroidManifest.xml:31:13-33:52
121                android:name="androidx.emoji2.text.EmojiCompatInitializer"
121-->[androidx.emoji2:emoji2:1.0.0] AndroidManifest.xml:32:17-75
122                android:value="androidx.startup" />
122-->[androidx.emoji2:emoji2:1.0.0] AndroidManifest.xml:33:17-49
123            <meta-data
123-->[androidx.lifecycle:lifecycle-process:2.4.0] AndroidManifest.xml:31:13-33:52
124                android:name="androidx.lifecycle.ProcessLifecycleInitializer"
124-->[androidx.lifecycle:lifecycle-process:2.4.0] AndroidManifest.xml:32:17-78
125                android:value="androidx.startup" />
125-->[androidx.lifecycle:lifecycle-process:2.4.0] AndroidManifest.xml:33:17-49
126        </provider>
127
128        <service
128-->[com.google.android.datatransport:transport-backend-cct:2.3.3] AndroidManifest.xml:29:9-35:19
129            android:name="com.google.android.datatransport.runtime.backends.TransportBackendDiscovery"
129-->[com.google.android.datatransport:transport-backend-cct:2.3.3] AndroidManifest.xml:30:13-103
130            android:exported="false" >
130-->[com.google.android.datatransport:transport-backend-cct:2.3.3] AndroidManifest.xml:31:13-37
131            <meta-data
131-->[com.google.android.datatransport:transport-backend-cct:2.3.3] AndroidManifest.xml:32:13-34:39
132                android:name="backend:com.google.android.datatransport.cct.CctBackendFactory"
132-->[com.google.android.datatransport:transport-backend-cct:2.3.3] AndroidManifest.xml:33:17-94
133                android:value="cct" />
133-->[com.google.android.datatransport:transport-backend-cct:2.3.3] AndroidManifest.xml:34:17-36
134        </service>
135        <service
135-->[com.google.android.datatransport:transport-runtime:2.2.6] AndroidManifest.xml:26:9-30:19
136            android:name="com.google.android.datatransport.runtime.scheduling.jobscheduling.JobInfoSchedulerService"
136-->[com.google.android.datatransport:transport-runtime:2.2.6] AndroidManifest.xml:27:13-117
137            android:exported="false"
137-->[com.google.android.datatransport:transport-runtime:2.2.6] AndroidManifest.xml:28:13-37
138            android:permission="android.permission.BIND_JOB_SERVICE" >
138-->[com.google.android.datatransport:transport-runtime:2.2.6] AndroidManifest.xml:29:13-69
139        </service>
140
141        <receiver
141-->[com.google.android.datatransport:transport-runtime:2.2.6] AndroidManifest.xml:32:9-34:40
142            android:name="com.google.android.datatransport.runtime.scheduling.jobscheduling.AlarmManagerSchedulerBroadcastReceiver"
142-->[com.google.android.datatransport:transport-runtime:2.2.6] AndroidManifest.xml:33:13-132
143            android:exported="false" />
143-->[com.google.android.datatransport:transport-runtime:2.2.6] AndroidManifest.xml:34:13-37
144    </application>
145
146</manifest>